2024-12-20 18:23:04,195 - INFO - general - Logging configured successfully.
2024-12-20 18:23:04,196 - INFO - load_secrets - Secrets loaded from /Users/littlecapa/Downloads/OneDriveConfig.json.
2024-12-20 18:23:04,283 - INFO - init token manager - Token manager initialized.
2024-12-20 18:23:04,323 - INFO - get_access_token - Prompting user for interactive login.
2024-12-20 18:23:04,325 - INFO - general - Open a browser on this device to visit: https://login.microsoftonline.com/common/oauth2/v2.0/authorize?client_id=6ddd40b2-31e7-4cdb-a3d5-851c62d75b8a&response_type=code&redirect_uri=http%3A%2F%2Flocalhost%3A65365&scope=Files.ReadWrite.All+offline_access+openid+profile&state=RCnuADPzNlZmwWfx&code_challenge=GqsMPhM8jLxl8YYsjqqrcJ8YYEmUUFH_PBIEYPwLURk&code_challenge_method=S256&nonce=c265148a6fe70b2d5a5e650beb0b6bb2027a5da4c87abbae9ca2ed49ef1e38b5&client_info=1
2024-12-20 18:23:08,628 - INFO - get_access_token - Access token acquired successfully.
2024-12-20 18:23:09,208 - INFO - general - Directory created: TestFolder
2024-12-20 18:23:09,844 - INFO - general - File uploaded: scalable.txt to folder 66899B659FC7C342!171076
2024-12-20 18:23:10,641 - INFO - general - File downloaded: scalable.txt to /Users/littlecapa/Downloads
2024-12-20 18:23:11,416 - INFO - general - File deleted: scalable.txt
2024-12-20 18:23:12,076 - INFO - general - Folder deleted: 66899B659FC7C342!171076
2024-12-20 18:23:12,077 - INFO - general - Folder and contents deleted: 66899B659FC7C342!171076
2024-12-20 18:23:12,077 - INFO - general - All OneDrive operations completed successfully.
2024-12-20 18:25:23,163 - INFO - general - Logging configured successfully.
2024-12-20 18:25:23,163 - INFO - load_secrets - Secrets loaded from /Users/littlecapa/Downloads/OneDriveConfig.json.
2024-12-20 18:25:23,284 - INFO - init token manager - Token manager initialized.
2024-12-20 18:25:23,325 - INFO - get_access_token - Prompting user for interactive login.
2024-12-20 18:25:23,328 - INFO - general - Open a browser on this device to visit: https://login.microsoftonline.com/common/oauth2/v2.0/authorize?client_id=6ddd40b2-31e7-4cdb-a3d5-851c62d75b8a&response_type=code&redirect_uri=http%3A%2F%2Flocalhost%3A65405&scope=Files.ReadWrite.All+offline_access+openid+profile&state=wtpMoRZdlYKaGbgi&code_challenge=-SHZpml2wXe1Ksbf3kP46m4YDkCdnIr0Nc8gbTB7Z-c&code_challenge_method=S256&nonce=8021b9869d9e6d9b411c26071fabda3368008f358013aee41187a2aaf679609a&client_info=1
2024-12-20 18:25:27,843 - INFO - get_access_token - Access token acquired successfully.
2024-12-20 18:25:28,423 - INFO - general - Directory created: TestFolder with ID 66899B659FC7C342!171078
2024-12-20 18:25:29,003 - INFO - general - File uploaded: scalable.txt to folder 66899B659FC7C342!171078
2024-12-20 18:25:29,491 - INFO - general - File downloaded: scalable.txt to /Users/littlecapa/Downloads
2024-12-20 18:25:30,542 - INFO - general - File deleted: scalable.txt
2024-12-20 18:25:31,097 - INFO - general - Folder deleted: 66899B659FC7C342!171078
2024-12-20 18:25:31,097 - INFO - general - Folder and contents deleted: 66899B659FC7C342!171078
2024-12-20 18:25:31,097 - INFO - general - All OneDrive operations completed successfully.
2024-12-21 13:24:09,238 - INFO - general - Logging configured successfully.
2024-12-21 13:25:16,269 - INFO - general - Logging configured successfully.
2024-12-21 13:25:16,271 - INFO - load_secrets - Secrets loaded from /Users/littlecapa/Downloads/OneDriveConfig.json.
2024-12-21 13:25:16,439 - INFO - init_token_manager - Token manager initialized.
2024-12-21 13:25:16,439 - INFO - load_secrets - Secrets loaded from /Users/littlecapa/Downloads/OneDriveConfig.json.
2024-12-21 13:25:16,487 - INFO - get_access_token - Prompting user for interactive login.
2024-12-21 13:25:16,488 - INFO - general - Open a browser on this device to visit: https://login.microsoftonline.com/common/oauth2/v2.0/authorize?client_id=6ddd40b2-31e7-4cdb-a3d5-851c62d75b8a&response_type=code&redirect_uri=http%3A%2F%2Flocalhost%3A50759&scope=Files.ReadWrite.All+offline_access+openid+profile&state=PrLQzsybKDFlXCoZ&code_challenge=SGpB9V5ALK0YmG6vUdGw2LSan6Sgb7go4KPSrp-zSh4&code_challenge_method=S256&nonce=f04a3d3f6f1ac5f05ac74ecae19a10629bca58bd9a2f57044f533991556e2f0d&client_info=1
2024-12-21 13:25:21,965 - INFO - get_access_token - Access token acquired successfully.
2024-12-21 13:25:22,532 - INFO - create_directory - Directory created: TestFolder (ID: 66899B659FC7C342!171087)
2024-12-21 13:25:23,122 - INFO - upload_file - File uploaded: scalable.txt to folder 66899B659FC7C342!171087 (ID: 66899B659FC7C342!171088)
2024-12-21 13:25:23,875 - INFO - download_file - File downloaded: scalable.txt to /Users/littlecapa/Downloads/DownloadedFiles
2024-12-21 13:25:24,897 - INFO - delete_file - File deleted: scalable.txt (ID: 66899B659FC7C342!171088)
2024-12-21 13:25:25,489 - INFO - delete_folder - Folder deleted: 66899B659FC7C342!171087
2024-12-21 13:25:25,505 - INFO - delete_folder_and_contents - Folder and its contents deleted: 66899B659FC7C342!171087
2024-12-21 13:25:25,505 - INFO - general - All OneDrive operations completed successfully.
2024-12-21 14:01:11,179 - INFO -  - Logging configured successfully.
2024-12-21 14:01:11,180 - INFO - load_secrets - Secrets loaded from /Users/littlecapa/Downloads/OneDriveConfig.json.
2024-12-21 14:01:11,380 - INFO - init_token_manager - Token manager initialized.
2024-12-21 14:01:11,380 - INFO - load_secrets - Secrets loaded from /Users/littlecapa/Downloads/OneDriveConfig.json.
2024-12-21 14:01:11,414 - INFO - get_access_token - Prompting user for interactive login.
2024-12-21 14:01:11,416 - INFO -  - Open a browser on this device to visit: https://login.microsoftonline.com/common/oauth2/v2.0/authorize?client_id=6ddd40b2-31e7-4cdb-a3d5-851c62d75b8a&response_type=code&redirect_uri=http%3A%2F%2Flocalhost%3A52287&scope=Files.ReadWrite.All+offline_access+openid+profile&state=PrVFOcRNjGXsiStH&code_challenge=AnTs5Fk86AQEZG9djrDEwqBtY32avf5yhBVeG54TDK4&code_challenge_method=S256&nonce=028073c6ee808c36429c3c3377fc22d5a8c0a50c567c836edddac171b2d6ac30&client_info=1
2024-12-21 14:01:31,767 - INFO - get_access_token - Access token acquired successfully.
2024-12-21 14:01:32,357 - INFO - create_directory - Directory created: TestFolder (ID: 66899B659FC7C342!171089)
2024-12-21 14:01:32,957 - INFO - upload_file - File uploaded: scalable.txt to folder 66899B659FC7C342!171089 (ID: 66899B659FC7C342!171090)
2024-12-21 14:01:33,706 - INFO - download_file - File downloaded: scalable.txt to /Users/littlecapa/Downloads/DownloadedFiles
2024-12-21 14:01:34,710 - INFO - delete_file - File deleted: scalable.txt (ID: 66899B659FC7C342!171090)
2024-12-21 14:01:35,226 - INFO - delete_folder - Folder deleted: 66899B659FC7C342!171089
2024-12-21 14:01:35,227 - INFO - delete_folder_and_contents - Folder and its contents deleted: 66899B659FC7C342!171089
2024-12-21 14:01:35,227 - INFO -  - All OneDrive operations completed successfully.
2024-12-21 14:01:40,008 - INFO -  - Logging configured successfully.
2024-12-21 14:01:40,008 - INFO - load_secrets - Secrets loaded from /Users/littlecapa/Downloads/OneDriveConfig.json.
2024-12-21 14:01:40,143 - INFO - init_token_manager - Token manager initialized.
2024-12-21 14:01:40,143 - INFO - load_secrets - Secrets loaded from /Users/littlecapa/Downloads/OneDriveConfig.json.
2024-12-21 14:01:40,174 - INFO - get_access_token - Prompting user for interactive login.
2024-12-21 14:01:40,176 - INFO -  - Open a browser on this device to visit: https://login.microsoftonline.com/common/oauth2/v2.0/authorize?client_id=6ddd40b2-31e7-4cdb-a3d5-851c62d75b8a&response_type=code&redirect_uri=http%3A%2F%2Flocalhost%3A52325&scope=Files.ReadWrite.All+offline_access+openid+profile&state=FVeqvSgmshXDpCKI&code_challenge=oF2rEScoLc4bYENFk2nGeU39MCRxYDNuHdimKnV0IT4&code_challenge_method=S256&nonce=941ca577b47330533e39f72a520d38be6b656fe02b35f48c16e1d6b48ffd016e&client_info=1
2024-12-21 14:01:44,572 - INFO - get_access_token - Access token acquired successfully.
2024-12-21 14:01:45,270 - INFO - create_directory - Directory created: TestFolder (ID: 66899B659FC7C342!171091)
2024-12-21 14:01:45,829 - INFO - upload_file - File uploaded: scalable.txt to folder 66899B659FC7C342!171091 (ID: 66899B659FC7C342!171092)
2024-12-21 14:01:46,607 - INFO - download_file - File downloaded: scalable.txt to /Users/littlecapa/Downloads/DownloadedFiles
2024-12-21 14:01:47,631 - INFO - delete_file - File deleted: scalable.txt (ID: 66899B659FC7C342!171092)
2024-12-21 14:01:48,173 - INFO - delete_folder - Folder deleted: 66899B659FC7C342!171091
2024-12-21 14:01:48,173 - INFO - delete_folder_and_contents - Folder and its contents deleted: 66899B659FC7C342!171091
2024-12-21 14:01:48,173 - INFO -  - All OneDrive operations completed successfully.
2024-12-21 14:03:47,285 - INFO - Logging configured successfully. - 
2024-12-21 14:03:47,285 - INFO - Secrets loaded from /Users/littlecapa/Downloads/OneDriveConfig.json. - load_secrets
2024-12-21 14:03:47,456 - INFO - Token manager initialized. - init_token_manager
2024-12-21 14:03:47,456 - INFO - Secrets loaded from /Users/littlecapa/Downloads/OneDriveConfig.json. - load_secrets
2024-12-21 14:03:47,501 - INFO - Prompting user for interactive login. - get_access_token
2024-12-21 14:03:47,502 - INFO - Open a browser on this device to visit: https://login.microsoftonline.com/common/oauth2/v2.0/authorize?client_id=6ddd40b2-31e7-4cdb-a3d5-851c62d75b8a&response_type=code&redirect_uri=http%3A%2F%2Flocalhost%3A52433&scope=Files.ReadWrite.All+offline_access+openid+profile&state=OZHVerTUQlnYDaCK&code_challenge=urtlfHHqsl-EgvEBIHg0RFVV-lO9jNXe4bsYnnqfqgc&code_challenge_method=S256&nonce=a95c2c01a0ee4b73b08258b1797515dd9b800f293109f2e4ed274aa2f4831aa8&client_info=1 - 
2024-12-21 14:03:54,009 - INFO - Access token acquired successfully. - get_access_token
2024-12-21 14:03:54,640 - INFO - Directory created: TestFolder (ID: 66899B659FC7C342!171093) - create_directory
2024-12-21 14:03:55,219 - INFO - File uploaded: scalable.txt to folder 66899B659FC7C342!171093 (ID: 66899B659FC7C342!171094) - upload_file
2024-12-21 14:03:56,010 - INFO - File downloaded: scalable.txt to /Users/littlecapa/Downloads/DownloadedFiles - download_file
2024-12-21 14:03:57,041 - INFO - File deleted: scalable.txt (ID: 66899B659FC7C342!171094) - delete_file
2024-12-21 14:03:57,583 - INFO - Folder deleted: 66899B659FC7C342!171093 - delete_folder
2024-12-21 14:03:57,589 - INFO - Folder and its contents deleted: 66899B659FC7C342!171093 - delete_folder_and_contents
2024-12-21 14:03:57,590 - INFO - All OneDrive operations completed successfully. - 
2024-12-21 14:06:20,825 - INFO - Logging configured successfully. - [Operation:  | Object: ]
2024-12-21 14:06:20,825 - INFO - Secrets loaded from /Users/littlecapa/Downloads/OneDriveConfig.json. - [Operation: load_secrets | Object: /Users/littlecapa/Downloads/OneDriveConfig.json]
2024-12-21 14:06:20,987 - INFO - Token manager initialized. - [Operation: init_token_manager | Object: /Users/littlecapa/Downloads/OneDriveConfig.json]
2024-12-21 14:06:20,987 - INFO - Secrets loaded from /Users/littlecapa/Downloads/OneDriveConfig.json. - [Operation: load_secrets | Object: /Users/littlecapa/Downloads/OneDriveConfig.json]
2024-12-21 14:06:21,033 - INFO - Prompting user for interactive login. - [Operation: get_access_token | Object: general]
2024-12-21 14:06:21,035 - INFO - Open a browser on this device to visit: https://login.microsoftonline.com/common/oauth2/v2.0/authorize?client_id=6ddd40b2-31e7-4cdb-a3d5-851c62d75b8a&response_type=code&redirect_uri=http%3A%2F%2Flocalhost%3A52533&scope=Files.ReadWrite.All+offline_access+openid+profile&state=EluHPacdqOntsgDM&code_challenge=H-w1pUeTuCZ6N5ZzWW4LE-4yfsCh8RG4TVJr8ojSFSM&code_challenge_method=S256&nonce=a63ffe143e6aab2d30362c576c5481e107f6927667332034a8c2c3716a0cf3d7&client_info=1 - [Operation:  | Object: ]
2024-12-21 14:06:32,440 - INFO - Access token acquired successfully. - [Operation: get_access_token | Object: general]
2024-12-21 14:06:32,972 - INFO - Directory created: TestFolder (ID: 66899B659FC7C342!171095) - [Operation: create_directory | Object: TestFolder]
2024-12-21 14:06:33,577 - INFO - File uploaded: scalable.txt to folder 66899B659FC7C342!171095 (ID: 66899B659FC7C342!171096) - [Operation: upload_file | Object: scalable.txt]
2024-12-21 14:06:34,309 - INFO - File downloaded: scalable.txt to /Users/littlecapa/Downloads/DownloadedFiles - [Operation: download_file | Object: scalable.txt]
2024-12-21 14:06:35,297 - INFO - File deleted: scalable.txt (ID: 66899B659FC7C342!171096) - [Operation: delete_file | Object: scalable.txt]
2024-12-21 14:06:35,898 - INFO - Folder deleted: 66899B659FC7C342!171095 - [Operation: delete_folder | Object: 66899B659FC7C342!171095]
2024-12-21 14:06:35,898 - INFO - Folder and its contents deleted: 66899B659FC7C342!171095 - [Operation: delete_folder_and_contents | Object: 66899B659FC7C342!171095]
2024-12-21 14:06:35,898 - INFO - All OneDrive operations completed successfully. - [Operation:  | Object: ]
2024-12-21 14:10:25,663 - INFO - Logging configured successfully.
2024-12-21 14:10:25,665 - INFO - Secrets loaded from /Users/littlecapa/Downloads/OneDriveConfig.json. - [Operation: load_secrets | Object: /Users/littlecapa/Downloads/OneDriveConfig.json]
2024-12-21 14:10:25,774 - INFO - Token manager initialized. - [Operation: init_token_manager | Object: /Users/littlecapa/Downloads/OneDriveConfig.json]
2024-12-21 14:10:25,774 - INFO - Secrets loaded from /Users/littlecapa/Downloads/OneDriveConfig.json. - [Operation: load_secrets | Object: /Users/littlecapa/Downloads/OneDriveConfig.json]
2024-12-21 14:10:25,805 - INFO - Prompting user for interactive login. - [Operation: get_access_token | Object: general]
2024-12-21 14:10:25,807 - INFO - Open a browser on this device to visit: https://login.microsoftonline.com/common/oauth2/v2.0/authorize?client_id=6ddd40b2-31e7-4cdb-a3d5-851c62d75b8a&response_type=code&redirect_uri=http%3A%2F%2Flocalhost%3A52724&scope=Files.ReadWrite.All+offline_access+openid+profile&state=fXHwNgiejIYCZLOA&code_challenge=R6t7pTsMey1jE_0pLlEV99OYW-YRRB8VbIRTW1h_2C0&code_challenge_method=S256&nonce=294fd50de5507a5e0240d3a73521b68ba93965446fd350eb11c6f4580c63bb7f&client_info=1
2024-12-21 14:10:30,262 - INFO - Access token acquired successfully. - [Operation: get_access_token | Object: general]
2024-12-21 14:10:30,602 - INFO - Directory created: TestFolder (ID: 66899B659FC7C342!171097) - [Operation: create_directory | Object: TestFolder]
2024-12-21 14:10:31,209 - INFO - File uploaded: scalable.txt to folder 66899B659FC7C342!171097 (ID: 66899B659FC7C342!171098) - [Operation: upload_file | Object: scalable.txt]
2024-12-21 14:10:31,959 - INFO - File downloaded: scalable.txt to /Users/littlecapa/Downloads/DownloadedFiles - [Operation: download_file | Object: scalable.txt]
2024-12-21 14:10:32,714 - INFO - File deleted: scalable.txt (ID: 66899B659FC7C342!171098) - [Operation: delete_file | Object: scalable.txt]
2024-12-21 14:10:32,988 - INFO - Folder deleted: 66899B659FC7C342!171097 - [Operation: delete_folder | Object: 66899B659FC7C342!171097]
2024-12-21 14:10:32,989 - INFO - Folder and its contents deleted: 66899B659FC7C342!171097 - [Operation: delete_folder_and_contents | Object: 66899B659FC7C342!171097]
2024-12-21 14:10:32,989 - INFO - All OneDrive operations completed successfully.
